{"time":"2025-07-14T20:11:13", "level":"ERROR", "message":"Error fetching dataframe for {input.id}: {e}", "caller":"C:\Users\Admin\Downloads\Project\Github\ETL_Project\dags\extract\wbapi_extract.py:135"}
{"time":"2025-07-14T20:11:13", "level":"ERROR", "message":"Error fetching dataframe for {input.id}: {e}", "caller":"C:\Users\Admin\Downloads\Project\Github\ETL_Project\dags\extract\wbapi_extract.py:135"}
{"time":"2025-07-14T20:11:13", "level":"ERROR", "message":"Error fetching dataframe for {input.id}: {e}", "caller":"C:\Users\Admin\Downloads\Project\Github\ETL_Project\dags\extract\wbapi_extract.py:135"}
{"time":"2025-07-14T20:11:13", "level":"ERROR", "message":"Error fetching dataframe for {input.id}: {e}", "caller":"C:\Users\Admin\Downloads\Project\Github\ETL_Project\dags\extract\wbapi_extract.py:135"}
{"time":"2025-07-14T20:11:13", "level":"ERROR", "message":"Error fetching dataframe for {input.id}: {e}", "caller":"C:\Users\Admin\Downloads\Project\Github\ETL_Project\dags\extract\wbapi_extract.py:135"}
{"time":"2025-07-14T20:11:13", "level":"ERROR", "message":"Error fetching dataframe for {input.id}: {e}", "caller":"C:\Users\Admin\Downloads\Project\Github\ETL_Project\dags\extract\wbapi_extract.py:135"}
{"time":"2025-07-14T20:11:13", "level":"ERROR", "message":"Error fetching dataframe for {input.id}: {e}", "caller":"C:\Users\Admin\Downloads\Project\Github\ETL_Project\dags\extract\wbapi_extract.py:135"}
{"time":"2025-07-14T20:11:13", "level":"ERROR", "message":"Error fetching dataframe for {input.id}: {e}", "caller":"C:\Users\Admin\Downloads\Project\Github\ETL_Project\dags\extract\wbapi_extract.py:135"}
{"time":"2025-07-14T20:11:13", "level":"ERROR", "message":"Error fetching dataframe for {input.id}: {e}", "caller":"C:\Users\Admin\Downloads\Project\Github\ETL_Project\dags\extract\wbapi_extract.py:135"}
{"time":"2025-07-14T20:13:08", "level":"ERROR", "message":"Error fetching dataframe for {input.id}: {e}", "caller":"C:\Users\Admin\Downloads\Project\Github\ETL_Project\dags\extract\wbapi_extract.py:135"}
{"time":"2025-07-14T20:13:08", "level":"ERROR", "message":"Error fetching dataframe for {input.id}: {e}", "caller":"C:\Users\Admin\Downloads\Project\Github\ETL_Project\dags\extract\wbapi_extract.py:135"}
{"time":"2025-07-14T20:13:08", "level":"ERROR", "message":"Error fetching dataframe for {input.id}: {e}", "caller":"C:\Users\Admin\Downloads\Project\Github\ETL_Project\dags\extract\wbapi_extract.py:135"}
{"time":"2025-07-14T20:13:08", "level":"ERROR", "message":"Error fetching dataframe for {input.id}: {e}", "caller":"C:\Users\Admin\Downloads\Project\Github\ETL_Project\dags\extract\wbapi_extract.py:135"}
{"time":"2025-07-14T20:13:08", "level":"ERROR", "message":"Error fetching dataframe for {input.id}: {e}", "caller":"C:\Users\Admin\Downloads\Project\Github\ETL_Project\dags\extract\wbapi_extract.py:135"}
{"time":"2025-07-14T20:13:08", "level":"ERROR", "message":"Error fetching dataframe for {input.id}: {e}", "caller":"C:\Users\Admin\Downloads\Project\Github\ETL_Project\dags\extract\wbapi_extract.py:135"}
{"time":"2025-07-14T20:13:08", "level":"ERROR", "message":"Error fetching dataframe for {input.id}: {e}", "caller":"C:\Users\Admin\Downloads\Project\Github\ETL_Project\dags\extract\wbapi_extract.py:135"}
{"time":"2025-07-14T20:13:08", "level":"ERROR", "message":"Error fetching dataframe for {input.id}: {e}", "caller":"C:\Users\Admin\Downloads\Project\Github\ETL_Project\dags\extract\wbapi_extract.py:135"}
{"time":"2025-07-14T20:13:08", "level":"ERROR", "message":"Error fetching dataframe for {input.id}: {e}", "caller":"C:\Users\Admin\Downloads\Project\Github\ETL_Project\dags\extract\wbapi_extract.py:135"}
{"time":"2025-07-14T20:13:35", "level":"ERROR", "message":"Error fetching dataframe for all: Column count mismatch between DataFrame and dataclass", "caller":"C:\Users\Admin\Downloads\Project\Github\ETL_Project\dags\extract\wbapi_extract.py:135"}
{"time":"2025-07-14T20:13:35", "level":"ERROR", "message":"Error fetching dataframe for all: Column count mismatch between DataFrame and dataclass", "caller":"C:\Users\Admin\Downloads\Project\Github\ETL_Project\dags\extract\wbapi_extract.py:135"}
{"time":"2025-07-14T20:13:35", "level":"ERROR", "message":"Error fetching dataframe for all: Column count mismatch between DataFrame and dataclass", "caller":"C:\Users\Admin\Downloads\Project\Github\ETL_Project\dags\extract\wbapi_extract.py:135"}
{"time":"2025-07-14T20:13:35", "level":"ERROR", "message":"Error fetching dataframe for all: Column count mismatch between DataFrame and dataclass", "caller":"C:\Users\Admin\Downloads\Project\Github\ETL_Project\dags\extract\wbapi_extract.py:135"}
{"time":"2025-07-14T20:13:35", "level":"ERROR", "message":"Error fetching dataframe for all: Column count mismatch between DataFrame and dataclass", "caller":"C:\Users\Admin\Downloads\Project\Github\ETL_Project\dags\extract\wbapi_extract.py:135"}
{"time":"2025-07-14T20:13:35", "level":"ERROR", "message":"Error fetching dataframe for all: Column count mismatch between DataFrame and dataclass", "caller":"C:\Users\Admin\Downloads\Project\Github\ETL_Project\dags\extract\wbapi_extract.py:135"}
{"time":"2025-07-14T20:13:35", "level":"ERROR", "message":"Error fetching dataframe for all: Column count mismatch between DataFrame and dataclass", "caller":"C:\Users\Admin\Downloads\Project\Github\ETL_Project\dags\extract\wbapi_extract.py:135"}
{"time":"2025-07-14T20:13:35", "level":"ERROR", "message":"Error fetching dataframe for all: Column count mismatch between DataFrame and dataclass", "caller":"C:\Users\Admin\Downloads\Project\Github\ETL_Project\dags\extract\wbapi_extract.py:135"}
{"time":"2025-07-14T20:13:35", "level":"ERROR", "message":"Error fetching dataframe for all: Column count mismatch between DataFrame and dataclass", "caller":"C:\Users\Admin\Downloads\Project\Github\ETL_Project\dags\extract\wbapi_extract.py:135"}
{"time":"2025-07-14T21:08:24", "level":"ERROR", "message":"Error fetching data for series SP.POP.TOTL: invalid literal for int() with base 10: 'all'", "caller":"C:\Users\Admin\Downloads\Project\Github\ETL_Project\dags\extract\wbapi_extract.py:70"}
{"time":"2025-07-14T21:08:24", "level":"ERROR", "message":"Error fetching data for series SP.POP.TOTL: invalid literal for int() with base 10: 'all'", "caller":"C:\Users\Admin\Downloads\Project\Github\ETL_Project\dags\extract\wbapi_extract.py:70"}
{"time":"2025-07-14T21:08:24", "level":"ERROR", "message":"Error fetching data for series SP.POP.TOTL: invalid literal for int() with base 10: 'all'", "caller":"C:\Users\Admin\Downloads\Project\Github\ETL_Project\dags\extract\wbapi_extract.py:70"}
{"time":"2025-07-14T21:08:24", "level":"ERROR", "message":"Error fetching data for series SP.POP.TOTL: invalid literal for int() with base 10: 'all'", "caller":"C:\Users\Admin\Downloads\Project\Github\ETL_Project\dags\extract\wbapi_extract.py:70"}
{"time":"2025-07-14T21:08:24", "level":"ERROR", "message":"Error fetching data for series SP.POP.TOTL: invalid literal for int() with base 10: 'all'", "caller":"C:\Users\Admin\Downloads\Project\Github\ETL_Project\dags\extract\wbapi_extract.py:70"}
{"time":"2025-07-14T21:08:24", "level":"ERROR", "message":"Error fetching data for series SP.POP.TOTL: invalid literal for int() with base 10: 'all'", "caller":"C:\Users\Admin\Downloads\Project\Github\ETL_Project\dags\extract\wbapi_extract.py:70"}
{"time":"2025-07-14T21:08:24", "level":"ERROR", "message":"Error fetching data for series SP.POP.TOTL: invalid literal for int() with base 10: 'all'", "caller":"C:\Users\Admin\Downloads\Project\Github\ETL_Project\dags\extract\wbapi_extract.py:70"}
{"time":"2025-07-14T21:08:24", "level":"ERROR", "message":"Error fetching data for series SP.POP.TOTL: invalid literal for int() with base 10: 'all'", "caller":"C:\Users\Admin\Downloads\Project\Github\ETL_Project\dags\extract\wbapi_extract.py:70"}
{"time":"2025-07-14T21:08:24", "level":"ERROR", "message":"Error fetching data for series SP.POP.TOTL: invalid literal for int() with base 10: 'all'", "caller":"C:\Users\Admin\Downloads\Project\Github\ETL_Project\dags\extract\wbapi_extract.py:70"}
{"time":"2025-07-14T23:38:36", "level":"ERROR", "message":"Error fetching economy series for all: 'Series' object has no attribute 'columns'", "caller":"C:\Users\Admin\Downloads\Project\Github\ETL_Project\dags\extract\wbapi_extract.py:180"}
{"time":"2025-07-14T23:38:36", "level":"ERROR", "message":"Error fetching economy series for all: 'Series' object has no attribute 'columns'", "caller":"C:\Users\Admin\Downloads\Project\Github\ETL_Project\dags\extract\wbapi_extract.py:180"}
{"time":"2025-07-14T23:38:36", "level":"ERROR", "message":"Error fetching economy series for all: 'Series' object has no attribute 'columns'", "caller":"C:\Users\Admin\Downloads\Project\Github\ETL_Project\dags\extract\wbapi_extract.py:180"}
{"time":"2025-07-14T23:38:36", "level":"ERROR", "message":"Error fetching economy series for all: 'Series' object has no attribute 'columns'", "caller":"C:\Users\Admin\Downloads\Project\Github\ETL_Project\dags\extract\wbapi_extract.py:180"}
{"time":"2025-07-14T23:38:36", "level":"ERROR", "message":"Error fetching economy series for all: 'Series' object has no attribute 'columns'", "caller":"C:\Users\Admin\Downloads\Project\Github\ETL_Project\dags\extract\wbapi_extract.py:180"}
{"time":"2025-07-14T23:38:36", "level":"ERROR", "message":"Error fetching economy series for all: 'Series' object has no attribute 'columns'", "caller":"C:\Users\Admin\Downloads\Project\Github\ETL_Project\dags\extract\wbapi_extract.py:180"}
{"time":"2025-07-14T23:38:36", "level":"ERROR", "message":"Error fetching economy series for all: 'Series' object has no attribute 'columns'", "caller":"C:\Users\Admin\Downloads\Project\Github\ETL_Project\dags\extract\wbapi_extract.py:180"}
{"time":"2025-07-14T23:38:36", "level":"ERROR", "message":"Error fetching economy series for all: 'Series' object has no attribute 'columns'", "caller":"C:\Users\Admin\Downloads\Project\Github\ETL_Project\dags\extract\wbapi_extract.py:180"}
{"time":"2025-07-14T23:38:36", "level":"ERROR", "message":"Error fetching economy series for all: 'Series' object has no attribute 'columns'", "caller":"C:\Users\Admin\Downloads\Project\Github\ETL_Project\dags\extract\wbapi_extract.py:180"}
{"time":"2025-07-14T23:39:56", "level":"ERROR", "message":"Error fetching economy series for all: 'Series' object has no attribute 'columns'", "caller":"C:\Users\Admin\Downloads\Project\Github\ETL_Project\dags\extract\wbapi_extract.py:180"}
{"time":"2025-07-14T23:39:56", "level":"ERROR", "message":"Error fetching economy series for all: 'Series' object has no attribute 'columns'", "caller":"C:\Users\Admin\Downloads\Project\Github\ETL_Project\dags\extract\wbapi_extract.py:180"}
{"time":"2025-07-14T23:39:56", "level":"ERROR", "message":"Error fetching economy series for all: 'Series' object has no attribute 'columns'", "caller":"C:\Users\Admin\Downloads\Project\Github\ETL_Project\dags\extract\wbapi_extract.py:180"}
{"time":"2025-07-14T23:39:56", "level":"ERROR", "message":"Error fetching economy series for all: 'Series' object has no attribute 'columns'", "caller":"C:\Users\Admin\Downloads\Project\Github\ETL_Project\dags\extract\wbapi_extract.py:180"}
{"time":"2025-07-14T23:39:56", "level":"ERROR", "message":"Error fetching economy series for all: 'Series' object has no attribute 'columns'", "caller":"C:\Users\Admin\Downloads\Project\Github\ETL_Project\dags\extract\wbapi_extract.py:180"}
{"time":"2025-07-14T23:39:56", "level":"ERROR", "message":"Error fetching economy series for all: 'Series' object has no attribute 'columns'", "caller":"C:\Users\Admin\Downloads\Project\Github\ETL_Project\dags\extract\wbapi_extract.py:180"}
{"time":"2025-07-14T23:39:56", "level":"ERROR", "message":"Error fetching economy series for all: 'Series' object has no attribute 'columns'", "caller":"C:\Users\Admin\Downloads\Project\Github\ETL_Project\dags\extract\wbapi_extract.py:180"}
{"time":"2025-07-14T23:39:56", "level":"ERROR", "message":"Error fetching economy series for all: 'Series' object has no attribute 'columns'", "caller":"C:\Users\Admin\Downloads\Project\Github\ETL_Project\dags\extract\wbapi_extract.py:180"}
{"time":"2025-07-14T23:39:56", "level":"ERROR", "message":"Error fetching economy series for all: 'Series' object has no attribute 'columns'", "caller":"C:\Users\Admin\Downloads\Project\Github\ETL_Project\dags\extract\wbapi_extract.py:180"}
{"time":"2025-07-14T23:39:56", "level":"ERROR", "message":"Error fetching economy series for all: 'Series' object has no attribute 'columns'", "caller":"C:\Users\Admin\Downloads\Project\Github\ETL_Project\dags\extract\wbapi_extract.py:180"}
{"time":"2025-07-14T23:39:56", "level":"ERROR", "message":"Error fetching economy series for all: 'Series' object has no attribute 'columns'", "caller":"C:\Users\Admin\Downloads\Project\Github\ETL_Project\dags\extract\wbapi_extract.py:180"}
{"time":"2025-07-14T23:39:56", "level":"ERROR", "message":"Error fetching economy series for all: 'Series' object has no attribute 'columns'", "caller":"C:\Users\Admin\Downloads\Project\Github\ETL_Project\dags\extract\wbapi_extract.py:180"}
{"time":"2025-07-14T23:39:56", "level":"ERROR", "message":"Error fetching economy series for all: 'Series' object has no attribute 'columns'", "caller":"C:\Users\Admin\Downloads\Project\Github\ETL_Project\dags\extract\wbapi_extract.py:180"}
{"time":"2025-07-14T23:39:56", "level":"ERROR", "message":"Error fetching economy series for all: 'Series' object has no attribute 'columns'", "caller":"C:\Users\Admin\Downloads\Project\Github\ETL_Project\dags\extract\wbapi_extract.py:180"}
{"time":"2025-07-14T23:39:56", "level":"ERROR", "message":"Error fetching economy series for all: 'Series' object has no attribute 'columns'", "caller":"C:\Users\Admin\Downloads\Project\Github\ETL_Project\dags\extract\wbapi_extract.py:180"}
{"time":"2025-07-14T23:39:56", "level":"ERROR", "message":"Error fetching economy series for all: 'Series' object has no attribute 'columns'", "caller":"C:\Users\Admin\Downloads\Project\Github\ETL_Project\dags\extract\wbapi_extract.py:180"}
{"time":"2025-07-14T23:39:56", "level":"ERROR", "message":"Error fetching economy series for all: 'Series' object has no attribute 'columns'", "caller":"C:\Users\Admin\Downloads\Project\Github\ETL_Project\dags\extract\wbapi_extract.py:180"}
{"time":"2025-07-14T23:39:56", "level":"ERROR", "message":"Error fetching economy series for all: 'Series' object has no attribute 'columns'", "caller":"C:\Users\Admin\Downloads\Project\Github\ETL_Project\dags\extract\wbapi_extract.py:180"}
{"time":"2025-07-14T23:40:21", "level":"ERROR", "message":"Error fetching economy series for all: Column count mismatch between DataFrame and dataclass", "caller":"C:\Users\Admin\Downloads\Project\Github\ETL_Project\dags\extract\wbapi_extract.py:180"}
{"time":"2025-07-14T23:40:21", "level":"ERROR", "message":"Error fetching economy series for all: Column count mismatch between DataFrame and dataclass", "caller":"C:\Users\Admin\Downloads\Project\Github\ETL_Project\dags\extract\wbapi_extract.py:180"}
{"time":"2025-07-14T23:40:21", "level":"ERROR", "message":"Error fetching economy series for all: Column count mismatch between DataFrame and dataclass", "caller":"C:\Users\Admin\Downloads\Project\Github\ETL_Project\dags\extract\wbapi_extract.py:180"}
{"time":"2025-07-14T23:40:21", "level":"ERROR", "message":"Error fetching economy series for all: Column count mismatch between DataFrame and dataclass", "caller":"C:\Users\Admin\Downloads\Project\Github\ETL_Project\dags\extract\wbapi_extract.py:180"}
{"time":"2025-07-14T23:40:21", "level":"ERROR", "message":"Error fetching economy series for all: Column count mismatch between DataFrame and dataclass", "caller":"C:\Users\Admin\Downloads\Project\Github\ETL_Project\dags\extract\wbapi_extract.py:180"}
{"time":"2025-07-14T23:40:21", "level":"ERROR", "message":"Error fetching economy series for all: Column count mismatch between DataFrame and dataclass", "caller":"C:\Users\Admin\Downloads\Project\Github\ETL_Project\dags\extract\wbapi_extract.py:180"}
{"time":"2025-07-14T23:40:21", "level":"ERROR", "message":"Error fetching economy series for all: Column count mismatch between DataFrame and dataclass", "caller":"C:\Users\Admin\Downloads\Project\Github\ETL_Project\dags\extract\wbapi_extract.py:180"}
{"time":"2025-07-14T23:40:21", "level":"ERROR", "message":"Error fetching economy series for all: Column count mismatch between DataFrame and dataclass", "caller":"C:\Users\Admin\Downloads\Project\Github\ETL_Project\dags\extract\wbapi_extract.py:180"}
{"time":"2025-07-14T23:40:21", "level":"ERROR", "message":"Error fetching economy series for all: Column count mismatch between DataFrame and dataclass", "caller":"C:\Users\Admin\Downloads\Project\Github\ETL_Project\dags\extract\wbapi_extract.py:180"}
{"time":"2025-07-14T23:41:58", "level":"ERROR", "message":"Error fetching economy series for all: Column count mismatch between DataFrame and dataclass", "caller":"C:\Users\Admin\Downloads\Project\Github\ETL_Project\dags\extract\wbapi_extract.py:180"}
{"time":"2025-07-14T23:41:58", "level":"ERROR", "message":"Error fetching economy series for all: Column count mismatch between DataFrame and dataclass", "caller":"C:\Users\Admin\Downloads\Project\Github\ETL_Project\dags\extract\wbapi_extract.py:180"}
{"time":"2025-07-14T23:41:58", "level":"ERROR", "message":"Error fetching economy series for all: Column count mismatch between DataFrame and dataclass", "caller":"C:\Users\Admin\Downloads\Project\Github\ETL_Project\dags\extract\wbapi_extract.py:180"}
{"time":"2025-07-14T23:41:58", "level":"ERROR", "message":"Error fetching economy series for all: Column count mismatch between DataFrame and dataclass", "caller":"C:\Users\Admin\Downloads\Project\Github\ETL_Project\dags\extract\wbapi_extract.py:180"}
{"time":"2025-07-14T23:41:58", "level":"ERROR", "message":"Error fetching economy series for all: Column count mismatch between DataFrame and dataclass", "caller":"C:\Users\Admin\Downloads\Project\Github\ETL_Project\dags\extract\wbapi_extract.py:180"}
{"time":"2025-07-14T23:41:58", "level":"ERROR", "message":"Error fetching economy series for all: Column count mismatch between DataFrame and dataclass", "caller":"C:\Users\Admin\Downloads\Project\Github\ETL_Project\dags\extract\wbapi_extract.py:180"}
{"time":"2025-07-14T23:41:58", "level":"ERROR", "message":"Error fetching economy series for all: Column count mismatch between DataFrame and dataclass", "caller":"C:\Users\Admin\Downloads\Project\Github\ETL_Project\dags\extract\wbapi_extract.py:180"}
{"time":"2025-07-14T23:41:58", "level":"ERROR", "message":"Error fetching economy series for all: Column count mismatch between DataFrame and dataclass", "caller":"C:\Users\Admin\Downloads\Project\Github\ETL_Project\dags\extract\wbapi_extract.py:180"}
{"time":"2025-07-14T23:41:58", "level":"ERROR", "message":"Error fetching economy series for all: Column count mismatch between DataFrame and dataclass", "caller":"C:\Users\Admin\Downloads\Project\Github\ETL_Project\dags\extract\wbapi_extract.py:180"}
{"time":"2025-07-14T23:43:25", "level":"ERROR", "message":"Error fetching economy series for all: Column count mismatch between DataFrame and dataclass", "caller":"C:\Users\Admin\Downloads\Project\Github\ETL_Project\dags\extract\wbapi_extract.py:182"}
{"time":"2025-07-14T23:43:25", "level":"ERROR", "message":"Error fetching economy series for all: Column count mismatch between DataFrame and dataclass", "caller":"C:\Users\Admin\Downloads\Project\Github\ETL_Project\dags\extract\wbapi_extract.py:182"}
{"time":"2025-07-14T23:43:25", "level":"ERROR", "message":"Error fetching economy series for all: Column count mismatch between DataFrame and dataclass", "caller":"C:\Users\Admin\Downloads\Project\Github\ETL_Project\dags\extract\wbapi_extract.py:182"}
{"time":"2025-07-14T23:43:25", "level":"ERROR", "message":"Error fetching economy series for all: Column count mismatch between DataFrame and dataclass", "caller":"C:\Users\Admin\Downloads\Project\Github\ETL_Project\dags\extract\wbapi_extract.py:182"}
{"time":"2025-07-14T23:43:25", "level":"ERROR", "message":"Error fetching economy series for all: Column count mismatch between DataFrame and dataclass", "caller":"C:\Users\Admin\Downloads\Project\Github\ETL_Project\dags\extract\wbapi_extract.py:182"}
{"time":"2025-07-14T23:43:25", "level":"ERROR", "message":"Error fetching economy series for all: Column count mismatch between DataFrame and dataclass", "caller":"C:\Users\Admin\Downloads\Project\Github\ETL_Project\dags\extract\wbapi_extract.py:182"}
{"time":"2025-07-14T23:43:25", "level":"ERROR", "message":"Error fetching economy series for all: Column count mismatch between DataFrame and dataclass", "caller":"C:\Users\Admin\Downloads\Project\Github\ETL_Project\dags\extract\wbapi_extract.py:182"}
{"time":"2025-07-14T23:43:25", "level":"ERROR", "message":"Error fetching economy series for all: Column count mismatch between DataFrame and dataclass", "caller":"C:\Users\Admin\Downloads\Project\Github\ETL_Project\dags\extract\wbapi_extract.py:182"}
{"time":"2025-07-14T23:43:25", "level":"ERROR", "message":"Error fetching economy series for all: Column count mismatch between DataFrame and dataclass", "caller":"C:\Users\Admin\Downloads\Project\Github\ETL_Project\dags\extract\wbapi_extract.py:182"}
